SF:lib/local_data_source.dart
DA:11,0
DA:15,0
DA:16,0
DA:17,0
DA:19,0
DA:21,0
DA:22,0
DA:24,0
DA:27,0
DA:29,0
DA:30,0
DA:32,0
DA:33,0
DA:34,0
LF:14
LH:0
end_of_record
SF:lib/todo_item.dart
DA:10,3
DA:16,1
DA:24,1
DA:29,1
DA:30,1
DA:31,1
DA:32,1
DA:36,0
DA:37,0
DA:38,0
DA:39,0
DA:40,0
DA:44,0
DA:45,0
DA:46,0
DA:47,0
DA:48,0
DA:52,1
DA:53,1
DA:54,1
DA:55,1
DA:56,1
LF:22
LH:12
end_of_record
SF:lib/todo_page.dart
DA:7,1
DA:14,1
DA:15,1
DA:19,3
DA:23,1
DA:25,1
DA:26,1
DA:29,1
DA:30,2
DA:31,3
DA:35,1
DA:37,1
DA:38,1
DA:40,1
DA:41,4
DA:42,1
DA:43,1
DA:44,2
DA:45,3
DA:46,2
DA:47,1
DA:49,2
DA:58,2
DA:59,1
DA:60,1
DA:61,2
DA:62,1
DA:63,1
DA:64,2
DA:66,2
DA:68,1
DA:69,1
DA:70,1
DA:75,2
DA:76,1
DA:77,1
DA:78,1
DA:80,1
DA:81,1
DA:86,1
DA:87,1
DA:88,2
DA:91,1
DA:92,1
DA:93,2
DA:94,2
DA:95,3
DA:96,2
DA:99,1
DA:101,4
DA:115,1
DA:119,2
DA:120,1
DA:121,2
DA:122,2
DA:123,2
DA:124,1
DA:125,3
DA:127,2
DA:129,3
DA:132,1
DA:133,2
DA:134,4
DA:135,1
DA:136,1
DA:137,1
DA:138,2
DA:139,1
DA:140,2
DA:141,2
DA:142,3
DA:145,2
DA:146,1
DA:148,1
DA:150,1
DA:151,2
DA:152,2
DA:153,3
DA:160,1
DA:161,1
DA:163,1
DA:164,2
DA:165,1
DA:166,1
DA:167,1
DA:168,1
DA:169,2
DA:170,3
DA:173,2
DA:174,3
DA:179,1
DA:180,1
DA:182,1
DA:183,1
DA:187,1
DA:188,2
DA:190,3
DA:191,2
DA:194,3
DA:198,1
DA:200,3
DA:209,1
DA:210,1
DA:211,6
DA:212,2
DA:213,3
DA:215,1
DA:217,2
LF:108
LH:108
end_of_record
